#
# A fatal error has been detected by the Java Runtime Environment:
#
#  EXCEPTION_ACCESS_VIOLATION (0xc0000005) at pc=0x00000000629e4207, pid=4196, tid=8772
#
# JRE version: Java(TM) SE Runtime Environment (8.0_05-b13) (build 1.8.0_05-b13)
# Java VM: Java HotSpot(TM) 64-Bit Server VM (25.5-b02 mixed mode windows-amd64 compressed oops)
# Problematic frame:
# V  [jvm.dll+0x64207]
#
# Failed to write core dump. Minidumps are not enabled by default on client versions of Windows
#
# If you would like to submit a bug report, please visit:
#   http://bugreport.sun.com/bugreport/crash.jsp
#

---------------  T H R E A D  ---------------

Current thread (0x0000000002a0e000):  JavaThread "main" [_thread_in_vm, id=8772, stack(0x0000000002880000,0x0000000002980000)]

siginfo: ExceptionCode=0xc0000005, writing address 0x000000000e8d9bf7

Registers:
RAX=0x000000000e8c5000, RBX=0x0000000000014bf7, RCX=0x0000000002a1e9c0, RDX=0x000000000297ee10
RSP=0x000000000297e680, RBP=0x000000000297e780, RSI=0x0000000002a0e000, RDI=0x000000000297ee10
R8 =0x0000000002a0e000, R9 =0x0000000002a07680, R10=0x000000000310e87b, R11=0x000000000310e858
R12=0x0000000000000000, R13=0x0000000002a07560, R14=0x0000000002a0e840, R15=0x0000000002a0e830
RIP=0x00000000629e4207, EFLAGS=0x0000000000010203

Top of Stack: (sp=0x000000000297e680)
0x000000000297e680:   0000000000000000 0000000000000000
0x000000000297e690:   0000000002830cc0 0000000000000010
0x000000000297e6a0:   00000000000000c0 0000000062b7bc52
0x000000000297e6b0:   0000000000000000 0000000000000000
0x000000000297e6c0:   0000000002a00000 0000000000000700
0x000000000297e6d0:   0000000000000000 000000000000000c
0x000000000297e6e0:   00000000000003d8 0000000002a0ec18
0x000000000297e6f0:   000000000297ee10 0000000002a0e000
0x000000000297e700:   0000000002830000 00007ffc00000000
0x000000000297e710:   00000000000000b0 0000000000000000
0x000000000297e720:   0000000000000011 0000000002a0e840
0x000000000297e730:   000000001e808ba0 0000000000000008
0x000000000297e740:   0000000000000000 00000000ffff07f6
0x000000000297e750:   0000000000000048 000000001e8c33a0
0x000000000297e760:   0000000002a09af0 0000000002a0e830
0x000000000297e770:   0000000000000046 0000000062a3d121 

Instructions: (pc=0x00000000629e4207)
0x00000000629e41e7:   8b d3 ff 50 60 4c 89 23 48 8b 0d d2 36 74 00 83
0x00000000629e41f7:   79 0c 01 75 11 48 8b 81 90 00 00 00 48 c1 eb 09
0x00000000629e4207:   44 88 24 03 eb 0c 48 8b 01 45 33 c0 48 8b d3 ff
0x00000000629e4217:   50 70 44 38 25 4e 45 74 00 75 23 0f b6 05 3f 45 


Register to memory mapping:

RAX=0x000000000e8c5000 is an unknown value
RBX=0x0000000000014bf7 is an unknown value
RCX=0x0000000002a1e9c0 is an unknown value
RDX=0x000000000297ee10 is pointing into the stack for thread: 0x0000000002a0e000
RSP=0x000000000297e680 is pointing into the stack for thread: 0x0000000002a0e000
RBP=0x000000000297e780 is pointing into the stack for thread: 0x0000000002a0e000
RSI=0x0000000002a0e000 is a thread
RDI=0x000000000297ee10 is pointing into the stack for thread: 0x0000000002a0e000
R8 =0x0000000002a0e000 is a thread
R9 =0x0000000002a07680 is an unknown value
R10=0x000000000310e87b is at entry_point+59 in (nmethod*)0x000000000310e6d0
R11=0x000000000310e858 is at entry_point+24 in (nmethod*)0x000000000310e6d0
R12=0x0000000000000000 is an unknown value
R13=0x0000000002a07560 is an unknown value
R14=0x0000000002a0e840 is an unknown value
R15=0x0000000002a0e830 is an unknown value


Stack: [0x0000000002880000,0x0000000002980000],  sp=0x000000000297e680,  free space=1017k
Native frames: (J=compiled Java code, j=interpreted, Vv=VM code, C=native code)
V  [jvm.dll+0x64207]
V  [jvm.dll+0x648e4]
V  [jvm.dll+0x170f99]
C  [java.dll+0x828a]
C  0x000000000310e8f5

Java frames: (J=compiled Java code, j=interpreted, Vv=VM code)
J 1815  java.lang.Throwable.fillInStackTrace(I)Ljava/lang/Throwable; (0 bytes) @ 0x000000000310e87b [0x000000000310e840+0x3b]
j  behaviour.Extract_trajectory.getIID(Lorg/opengis/feature/simple/SimpleFeature;Ljava/util/ArrayList;)D+6
j  behaviour.Extract_trajectory.extractVectors()V+618
j  behaviour.Extract_trajectory.main([Ljava/lang/String;)V+159
v  ~StubRoutines::call_stub

---------------  P R O C E S S  ---------------

Java Threads: ( => current thread )
  0x0000000020f99000 JavaThread "WeakCollectionCleaner" daemon [_thread_blocked, id=9012, stack(0x0000000020120000,0x0000000020220000)]
  0x000000001f9be800 JavaThread "TimerQueue" daemon [_thread_blocked, id=3792, stack(0x0000000020690000,0x0000000020790000)]
  0x000000001f9a3800 JavaThread "D3D Screen Updater" daemon [_thread_blocked, id=8516, stack(0x00000000254c0000,0x00000000255c0000)]
  0x000000001f89d000 JavaThread "Swing-Shell" daemon [_thread_blocked, id=8788, stack(0x0000000022f00000,0x0000000023000000)]
  0x000000001f7ad000 JavaThread "AWT-Windows" daemon [_thread_in_native, id=2568, stack(0x0000000020220000,0x0000000020320000)]
  0x000000001f7a6800 JavaThread "Java2D Disposer" daemon [_thread_blocked, id=7528, stack(0x0000000020020000,0x0000000020120000)]
  0x000000001e620000 JavaThread "Service Thread" daemon [_thread_blocked, id=128, stack(0x000000001f530000,0x000000001f630000)]
  0x000000001e5ac000 JavaThread "C1 CompilerThread3" daemon [_thread_blocked, id=4412, stack(0x000000001f430000,0x000000001f530000)]
  0x000000001e5a9000 JavaThread "C2 CompilerThread2" daemon [_thread_blocked, id=8252, stack(0x000000001f330000,0x000000001f430000)]
  0x000000001e5a8800 JavaThread "C2 CompilerThread1" daemon [_thread_blocked, id=4324, stack(0x000000001f230000,0x000000001f330000)]
  0x000000001e59f800 JavaThread "C2 CompilerThread0" daemon [_thread_blocked, id=4016, stack(0x000000001f130000,0x000000001f230000)]
  0x000000001e59b000 JavaThread "JDWP Command Reader" daemon [_thread_in_native, id=8276, stack(0x000000001f030000,0x000000001f130000)]
  0x000000001e58c800 JavaThread "JDWP Event Helper Thread" daemon [_thread_blocked, id=9152, stack(0x000000001ef30000,0x000000001f030000)]
  0x000000001e57d800 JavaThread "JDWP Transport Listener: dt_socket" daemon [_thread_blocked, id=8412, stack(0x000000001ee30000,0x000000001ef30000)]
  0x000000001e576800 JavaThread "Attach Listener" daemon [_thread_blocked, id=8444, stack(0x000000001ea50000,0x000000001eb50000)]
  0x000000001e575800 JavaThread "Signal Dispatcher" daemon [_thread_blocked, id=2676, stack(0x000000001e950000,0x000000001ea50000)]
  0x0000000002b07800 JavaThread "Finalizer" daemon [_thread_blocked, id=8456, stack(0x000000001e440000,0x000000001e540000)]
  0x0000000002b00800 JavaThread "Reference Handler" daemon [_thread_blocked, id=4532, stack(0x000000001e340000,0x000000001e440000)]
=>0x0000000002a0e000 JavaThread "main" [_thread_in_vm, id=8772, stack(0x0000000002880000,0x0000000002980000)]

Other Threads:
  0x000000001c558000 VMThread [stack: 0x000000001e240000,0x000000001e340000] [id=8432]
  0x000000001e63b000 WatcherThread [stack: 0x000000001f630000,0x000000001f730000] [id=6244]

VM state:not at safepoint (normal execution)

VM Mutex/Monitor currently owned by a thread: None

Heap:
 PSYoungGen      total 7680K, used 3921K [0x000000076b200000, 0x000000076bd00000, 0x00000007c0000000)
  eden space 5632K, 48% used [0x000000076b200000,0x000000076b4a4710,0x000000076b780000)
  from space 2048K, 59% used [0x000000076b780000,0x000000076b8b0000,0x000000076b980000)
  to   space 2048K, 0% used [0x000000076bb00000,0x000000076bb00000,0x000000076bd00000)
 ParOldGen       total 260608K, used 6578K [0x00000006c1600000, 0x00000006d1480000, 0x000000076b200000)
  object space 260608K, 2% used [0x00000006c1600000,0x00000006c1c6c880,0x00000006d1480000)
 Metaspace       used 20013K, capacity 20400K, committed 20736K, reserved 1067008K
  class space    used 2633K, capacity 2725K, committed 2816K, reserved 1048576K

Card table byte_map: [0x0000000011ed0000,0x00000000126d0000] byte_map_base: 0x000000000e8c5000

Marking Bits: (ParMarkBitMap*) 0x00000000631313b0
 Begin Bits: [0x0000000013420000, 0x00000000173c8000)
 End Bits:   [0x00000000173c8000, 0x000000001b370000)

Polling page: 0x0000000002980000

CodeCache: size=245760Kb used=7647Kb max_used=7647Kb free=238112Kb
 bounds [0x0000000002b10000, 0x0000000003290000, 0x0000000011b10000]
 total_blobs=2951 nmethods=2389 adapters=482
 compilation: enabled

Compilation events (10 events):
Event: 35.676 Thread 0x000000001e5ac000 2387       3       java.lang.Long::longValue (5 bytes)
Event: 35.676 Thread 0x000000001e5ac000 nmethod 2387 0x000000000328b810 code [0x000000000328b960, 0x000000000328bab0]
Event: 35.676 Thread 0x000000001e5ac000 2388       3       java.time.temporal.ChronoField::checkValidValue (10 bytes)
Event: 35.676 Thread 0x000000001e5ac000 nmethod 2388 0x000000000328bb10 code [0x000000000328bcc0, 0x000000000328c3f8]
Event: 35.676 Thread 0x000000001e5ac000 2384       3       java.lang.Long::valueOf (36 bytes)
Event: 35.676 Thread 0x000000001e5ac000 nmethod 2384 0x000000000328c710 code [0x000000000328c880, 0x000000000328cbd0]
Event: 35.676 Thread 0x000000001e5ac000 2385       3       java.time.temporal.TemporalQueries::localDate (4 bytes)
Event: 35.676 Thread 0x000000001e5ac000 nmethod 2385 0x000000000328cd90 code [0x000000000328cee0, 0x000000000328d010]
Event: 35.680 Thread 0x000000001e5ac000 2389       3       com.vividsolutions.jts.geom.impl.CoordinateArraySequence::size (6 bytes)
Event: 35.680 Thread 0x000000001e5ac000 nmethod 2389 0x000000000328d290 code [0x000000000328d3e0, 0x000000000328d530]

GC Heap History (10 events):
Event: 29.274 GC heap before
{Heap before GC invocations=57 (full 0):
 PSYoungGen      total 5632K, used 5628K [0x000000076b200000, 0x000000076b900000, 0x00000007c0000000)
  eden space 5120K, 100% used [0x000000076b200000,0x000000076b700000,0x000000076b700000)
  from space 512K, 99% used [0x000000076b800000,0x000000076b87f098,0x000000076b880000)
  to   space 1024K, 0% used [0x000000076b700000,0x000000076b700000,0x000000076b800000)
 ParOldGen       total 260608K, used 4556K [0x00000006c1600000, 0x00000006d1480000, 0x000000076b200000)
  object space 260608K, 1% used [0x00000006c1600000,0x00000006c1a732c8,0x00000006d1480000)
 Metaspace       used 16159K, capacity 16352K, committed 16512K, reserved 1062912K
  class space    used 2092K, capacity 2135K, committed 2176K, reserved 1048576K
Event: 29.275 GC heap after
Heap after GC invocations=57 (full 0):
 PSYoungGen      total 6144K, used 1023K [0x000000076b200000, 0x000000076ba00000, 0x00000007c0000000)
  eden space 5120K, 0% used [0x000000076b200000,0x000000076b200000,0x000000076b700000)
  from space 1024K, 99% used [0x000000076b700000,0x000000076b7ffcc8,0x000000076b800000)
  to   space 1536K, 0% used [0x000000076b880000,0x000000076b880000,0x000000076ba00000)
 ParOldGen       total 260608K, used 5207K [0x00000006c1600000, 0x00000006d1480000, 0x000000076b200000)
  object space 260608K, 1% used [0x00000006c1600000,0x00000006c1b15f80,0x00000006d1480000)
 Metaspace       used 16159K, capacity 16352K, committed 16512K, reserved 1062912K
  class space    used 2092K, capacity 2135K, committed 2176K, reserved 1048576K
}
Event: 29.358 GC heap before
{Heap before GC invocations=58 (full 0):
 PSYoungGen      total 6144K, used 6143K [0x000000076b200000, 0x000000076ba00000, 0x00000007c0000000)
  eden space 5120K, 100% used [0x000000076b200000,0x000000076b700000,0x000000076b700000)
  from space 1024K, 99% used [0x000000076b700000,0x000000076b7ffcc8,0x000000076b800000)
  to   space 1536K, 0% used [0x000000076b880000,0x000000076b880000,0x000000076ba00000)
 ParOldGen       total 260608K, used 5207K [0x00000006c1600000, 0x00000006d1480000, 0x000000076b200000)
  object space 260608K, 1% used [0x00000006c1600000,0x00000006c1b15f80,0x00000006d1480000)
 Metaspace       used 17393K, capacity 17752K, committed 18048K, reserved 1064960K
  class space    used 2257K, capacity 2331K, committed 2432K, reserved 1048576K
Event: 29.360 GC heap after
Heap after GC invocations=58 (full 0):
 PSYoungGen      total 6144K, used 1415K [0x000000076b200000, 0x000000076bc00000, 0x00000007c0000000)
  eden space 4608K, 0% used [0x000000076b200000,0x000000076b200000,0x000000076b680000)
  from space 1536K, 92% used [0x000000076b880000,0x000000076b9e1df8,0x000000076ba00000)
  to   space 2048K, 0% used [0x000000076b680000,0x000000076b680000,0x000000076b880000)
 ParOldGen       total 260608K, used 5391K [0x00000006c1600000, 0x00000006d1480000, 0x000000076b200000)
  object space 260608K, 2% used [0x00000006c1600000,0x00000006c1b43f90,0x00000006d1480000)
 Metaspace       used 17393K, capacity 17752K, committed 18048K, reserved 1064960K
  class space    used 2257K, capacity 2331K, committed 2432K, reserved 1048576K
}
Event: 29.409 GC heap before
{Heap before GC invocations=59 (full 0):
 PSYoungGen      total 6144K, used 6023K [0x000000076b200000, 0x000000076bc00000, 0x00000007c0000000)
  eden space 4608K, 100% used [0x000000076b200000,0x000000076b680000,0x000000076b680000)
  from space 1536K, 92% used [0x000000076b880000,0x000000076b9e1df8,0x000000076ba00000)
  to   space 2048K, 0% used [0x000000076b680000,0x000000076b680000,0x000000076b880000)
 ParOldGen       total 260608K, used 5391K [0x00000006c1600000, 0x00000006d1480000, 0x000000076b200000)
  object space 260608K, 2% used [0x00000006c1600000,0x00000006c1b43f90,0x00000006d1480000)
 Metaspace       used 17842K, capacity 18136K, committed 18304K, reserved 1064960K
  class space    used 2319K, capacity 2395K, committed 2432K, reserved 1048576K
Event: 29.410 GC heap after
Heap after GC invocations=59 (full 0):
 PSYoungGen      total 6656K, used 914K [0x000000076b200000, 0x000000076bb80000, 0x00000007c0000000)
  eden space 4608K, 0% used [0x000000076b200000,0x000000076b200000,0x000000076b680000)
  from space 2048K, 44% used [0x000000076b680000,0x000000076b7649d0,0x000000076b880000)
  to   space 2048K, 0% used [0x000000076b980000,0x000000076b980000,0x000000076bb80000)
 ParOldGen       total 260608K, used 6007K [0x00000006c1600000, 0x00000006d1480000, 0x000000076b200000)
  object space 260608K, 2% used [0x00000006c1600000,0x00000006c1bddfd0,0x00000006d1480000)
 Metaspace       used 17842K, capacity 18136K, committed 18304K, reserved 1064960K
  class space    used 2319K, capacity 2395K, committed 2432K, reserved 1048576K
}
Event: 29.468 GC heap before
{Heap before GC invocations=60 (full 0):
 PSYoungGen      total 6656K, used 5522K [0x000000076b200000, 0x000000076bb80000, 0x00000007c0000000)
  eden space 4608K, 100% used [0x000000076b200000,0x000000076b680000,0x000000076b680000)
  from space 2048K, 44% used [0x000000076b680000,0x000000076b7649d0,0x000000076b880000)
  to   space 2048K, 0% used [0x000000076b980000,0x000000076b980000,0x000000076bb80000)
 ParOldGen       total 260608K, used 6007K [0x00000006c1600000, 0x00000006d1480000, 0x000000076b200000)
  object space 260608K, 2% used [0x00000006c1600000,0x00000006c1bddfd0,0x00000006d1480000)
 Metaspace       used 18609K, capacity 18936K, committed 19200K, reserved 1067008K
  class space    used 2429K, capacity 2491K, committed 2560K, reserved 1048576K
Event: 29.469 GC heap after
Heap after GC invocations=60 (full 0):
 PSYoungGen      total 7680K, used 951K [0x000000076b200000, 0x000000076bb80000, 0x00000007c0000000)
  eden space 5632K, 0% used [0x000000076b200000,0x000000076b200000,0x000000076b780000)
  from space 2048K, 46% used [0x000000076b980000,0x000000076ba6dee8,0x000000076bb80000)
  to   space 2048K, 0% used [0x000000076b780000,0x000000076b780000,0x000000076b980000)
 ParOldGen       total 260608K, used 6378K [0x00000006c1600000, 0x00000006d1480000, 0x000000076b200000)
  object space 260608K, 2% used [0x00000006c1600000,0x00000006c1c3a880,0x00000006d1480000)
 Metaspace       used 18609K, capacity 18936K, committed 19200K, reserved 1067008K
  class space    used 2429K, capacity 2491K, committed 2560K, reserved 1048576K
}
Event: 29.551 GC heap before
{Heap before GC invocations=61 (full 0):
 PSYoungGen      total 7680K, used 6583K [0x000000076b200000, 0x000000076bb80000, 0x00000007c0000000)
  eden space 5632K, 100% used [0x000000076b200000,0x000000076b780000,0x000000076b780000)
  from space 2048K, 46% used [0x000000076b980000,0x000000076ba6dee8,0x000000076bb80000)
  to   space 2048K, 0% used [0x000000076b780000,0x000000076b780000,0x000000076b980000)
 ParOldGen       total 260608K, used 6378K [0x00000006c1600000, 0x00000006d1480000, 0x000000076b200000)
  object space 260608K, 2% used [0x00000006c1600000,0x00000006c1c3a880,0x00000006d1480000)
 Metaspace       used 19505K, capacity 19896K, committed 20096K, reserved 1067008K
  class space    used 2590K, capacity 2683K, committed 2688K, reserved 1048576K
Event: 29.552 GC heap after
Heap after GC invocations=61 (full 0):
 PSYoungGen      total 7680K, used 1216K [0x000000076b200000, 0x000000076bd00000, 0x00000007c0000000)
  eden space 5632K, 0% used [0x000000076b200000,0x000000076b200000,0x000000076b780000)
  from space 2048K, 59% used [0x000000076b780000,0x000000076b8b0000,0x000000076b980000)
  to   space 2048K, 0% used [0x000000076bb00000,0x000000076bb00000,0x000000076bd00000)
 ParOldGen       total 260608K, used 6578K [0x00000006c1600000, 0x00000006d1480000, 0x000000076b200000)
  object space 260608K, 2% used [0x00000006c1600000,0x00000006c1c6c880,0x00000006d1480000)
 Metaspace       used 19505K, capacity 19896K, committed 20096K, reserved 1067008K
  class space    used 2590K, capacity 2683K, committed 2688K, reserved 1048576K
}

Deoptimization events (10 events):
Event: 29.291 Thread 0x0000000002a0e000 Uncommon trap: reason=class_check action=maybe_recompile pc=0x0000000002fe42f0 method=java.util.HashMap.putVal(ILjava/lang/Object;Ljava/lang/Object;ZZ)Ljava/lang/Object; @ 253
Event: 29.291 Thread 0x0000000002a0e000 Uncommon trap: reason=class_check action=maybe_recompile pc=0x0000000002fe42f0 method=java.util.HashMap.putVal(ILjava/lang/Object;Ljava/lang/Object;ZZ)Ljava/lang/Object; @ 253
Event: 29.329 Thread 0x0000000002a0e000 Uncommon trap: reason=unreached action=reinterpret pc=0x0000000002f68ce8 method=java.security.AccessControlContext.optimize()Ljava/security/AccessControlContext; @ 279
Event: 29.378 Thread 0x0000000002a0e000 Uncommon trap: reason=unloaded action=reinterpret pc=0x0000000002cb5b5c method=java.lang.CharacterData.of(I)Ljava/lang/CharacterData; @ 96
Event: 29.406 Thread 0x0000000002a0e000 Uncommon trap: reason=unreached action=reinterpret pc=0x0000000002d27bf0 method=java.util.HashMap.getNode(ILjava/lang/Object;)Ljava/util/HashMap$Node; @ 84
Event: 29.406 Thread 0x0000000002a0e000 Uncommon trap: reason=unreached action=reinterpret pc=0x00000000031aa3cc method=java.util.HashMap.putVal(ILjava/lang/Object;Ljava/lang/Object;ZZ)Ljava/lang/Object; @ 109
Event: 29.424 Thread 0x0000000002a0e000 Uncommon trap: reason=class_check action=maybe_recompile pc=0x000000000320f350 method=java.util.Collections$UnmodifiableCollection$1.next()Ljava/lang/Object; @ 4
Event: 29.424 Thread 0x0000000002a0e000 Uncommon trap: reason=class_check action=maybe_recompile pc=0x000000000320f350 method=java.util.Collections$UnmodifiableCollection$1.next()Ljava/lang/Object; @ 4
Event: 29.425 Thread 0x0000000002a0e000 Uncommon trap: reason=class_check action=maybe_recompile pc=0x000000000320f350 method=java.util.Collections$UnmodifiableCollection$1.next()Ljava/lang/Object; @ 4
Event: 29.506 Thread 0x0000000002a0e000 Uncommon trap: reason=class_check action=maybe_recompile pc=0x000000000320f350 method=java.util.Collections$UnmodifiableCollection$1.next()Ljava/lang/Object; @ 4

Internal exceptions (10 events):
Event: 30.528 Thread 0x0000000002a0e000 Exception <a 'java/security/PrivilegedActionException'> (0x000000076b3fb4b8) thrown at [D:\re\workspace\8-2-build-windows-amd64-cygwin\jdk8u5\2488\hotspot\src\share\vm\prims\jvm.cpp, line 1248]
Event: 30.528 Thread 0x0000000002a0e000 Exception <a 'java/security/PrivilegedActionException'> (0x000000076b3ff318) thrown at [D:\re\workspace\8-2-build-windows-amd64-cygwin\jdk8u5\2488\hotspot\src\share\vm\prims\jvm.cpp, line 1248]
Event: 30.529 Thread 0x0000000002a0e000 Exception <a 'java/security/PrivilegedActionException'> (0x000000076b4026d8) thrown at [D:\re\workspace\8-2-build-windows-amd64-cygwin\jdk8u5\2488\hotspot\src\share\vm\prims\jvm.cpp, line 1248]
Event: 30.530 Thread 0x0000000002a0e000 Exception <a 'java/security/PrivilegedActionException'> (0x000000076b4059d8) thrown at [D:\re\workspace\8-2-build-windows-amd64-cygwin\jdk8u5\2488\hotspot\src\share\vm\prims\jvm.cpp, line 1248]
Event: 30.530 Thread 0x0000000002a0e000 Exception <a 'java/security/PrivilegedActionException'> (0x000000076b409548) thrown at [D:\re\workspace\8-2-build-windows-amd64-cygwin\jdk8u5\2488\hotspot\src\share\vm\prims\jvm.cpp, line 1248]
Event: 30.531 Thread 0x0000000002a0e000 Exception <a 'java/security/PrivilegedActionException'> (0x000000076b40f940) thrown at [D:\re\workspace\8-2-build-windows-amd64-cygwin\jdk8u5\2488\hotspot\src\share\vm\prims\jvm.cpp, line 1248]
Event: 30.531 Thread 0x0000000002a0e000 Exception <a 'java/security/PrivilegedActionException'> (0x000000076b413450) thrown at [D:\re\workspace\8-2-build-windows-amd64-cygwin\jdk8u5\2488\hotspot\src\share\vm\prims\jvm.cpp, line 1248]
Event: 30.532 Thread 0x0000000002a0e000 Exception <a 'java/security/PrivilegedActionException'> (0x000000076b417340) thrown at [D:\re\workspace\8-2-build-windows-amd64-cygwin\jdk8u5\2488\hotspot\src\share\vm\prims\jvm.cpp, line 1248]
Event: 35.676 Thread 0x0000000002a0e000 Exception <a 'java/security/PrivilegedActionException'> (0x000000076b455530) thrown at [D:\re\workspace\8-2-build-windows-amd64-cygwin\jdk8u5\2488\hotspot\src\share\vm\prims\jvm.cpp, line 1248]
Event: 35.680 Thread 0x0000000002a0e000 Exception <a 'java/lang/ClassCastException': java.lang.Integer cannot be cast to java.lang.Double> (0x000000076b47a758) thrown at [D:\re\workspace\8-2-build-windows-amd64-cygwin\jdk8u5\2488\hotspot\src\share\vm\interpreter\interpreterRuntime.cpp, line 352]&v" ‡>@

Events (10 events):
Event: 44.238 Executing VM operation: ChangeBreakpoints
Event: 44.239 Executing VM operation: ChangeBreakpoints done
Event: 44.239 Executing VM operation: EnterInterpOnlyMode
Event: 44.239 Executing VM operation: EnterInterpOnlyMode done
Event: 44.239 Executing VM operation: GetCurrentLocation
Event: 44.239 Executing VM operation: GetCurrentLocation done
Event: 44.239 Executing VM operation: ChangeSingleStep
Event: 44.239 Executing VM operation: ChangeSingleStep done
Event: 44.240 Executing VM operation: ChangeSingleStep
Event: 44.240 Executing VM operation: ChangeSingleStep done


Dynamic libraries:
0x00007ff602670000 - 0x00007ff6026a4000 	C:\Program Files\Java\jre8\bin\javaw.exe
0x00007ffc70690000 - 0x00007ffc7083c000 	C:\Windows\SYSTEM32\ntdll.dll
0x00007ffc6f360000 - 0x00007ffc6f49e000 	C:\Windows\system32\KERNEL32.DLL
0x00007ffc6c980000 - 0x00007ffc6ca95000 	C:\Windows\system32\KERNELBASE.dll
0x00007ffc6b1a0000 - 0x00007ffc6b22e000 	C:\Windows\system32\apphelp.dll
0x00007ffc5a500000 - 0x00007ffc5a553000 	C:\Windows\AppPatch\AppPatch64\AcGenral.DLL
0x00007ffc6d0d0000 - 0x00007ffc6d17a000 	C:\Windows\system32\msvcrt.dll
0x00007ffc6c4c0000 - 0x00007ffc6c4ee000 	C:\Windows\SYSTEM32\SspiCli.dll
0x00007ffc6cf40000 - 0x00007ffc6cf94000 	C:\Windows\system32\SHLWAPI.dll
0x00007ffc6cdc0000 - 0x00007ffc6cf37000 	C:\Windows\system32\USER32.dll
0x00007ffc6d760000 - 0x00007ffc6d8f4000 	C:\Windows\system32\ole32.dll
0x00007ffc6da80000 - 0x00007ffc6efab000 	C:\Windows\system32\SHELL32.dll
0x00007ffc6bc40000 - 0x00007ffc6bc61000 	C:\Windows\SYSTEM32\USERENV.dll
0x00007ffc6cd10000 - 0x00007ffc6cdba000 	C:\Windows\system32\ADVAPI32.dll
0x00007ffc63710000 - 0x00007ffc6372e000 	C:\Windows\SYSTEM32\MPR.dll
0x00007ffc6efb0000 - 0x00007ffc6f0f1000 	C:\Windows\system32\RPCRT4.dll
0x00007ffc6ccb0000 - 0x00007ffc6cd09000 	C:\Windows\SYSTEM32\sechost.dll
0x00007ffc6d180000 - 0x00007ffc6d391000 	C:\Windows\SYSTEM32\combase.dll
0x00007ffc6d550000 - 0x00007ffc6d69f000 	C:\Windows\system32\GDI32.dll
0x00007ffc6c620000 - 0x00007ffc6c635000 	C:\Windows\SYSTEM32\profapi.dll
0x00007ffc6b0e0000 - 0x00007ffc6b192000 	C:\Windows\SYSTEM32\SHCORE.dll
0x00007ffc6da40000 - 0x00007ffc6da76000 	C:\Windows\system32\IMM32.DLL
0x00007ffc6cb50000 - 0x00007ffc6cca2000 	C:\Windows\system32\MSCTF.dll
0x00007ffc6a250000 - 0x00007ffc6a4cb000 	C:\Windows\WinSxS\amd64_microsoft.windows.common-controls_6595b64144ccf1df_6.0.9600.18006_none_623f33d3ecbe86e8\COMCTL32.dll
0x00000000631b0000 - 0x0000000063282000 	C:\Program Files\Java\jre8\bin\msvcr100.dll
0x0000000062980000 - 0x00000000631aa000 	C:\Program Files\Java\jre8\bin\server\jvm.dll
0x00007ffc632e0000 - 0x00007ffc632e9000 	C:\Windows\SYSTEM32\WSOCK32.dll
0x00007ffc6a0c0000 - 0x00007ffc6a0e2000 	C:\Windows\SYSTEM32\WINMM.dll
0x00007ffc6f4c0000 - 0x00007ffc6f4c7000 	C:\Windows\system32\PSAPI.DLL
0x00007ffc6d9e0000 - 0x00007ffc6da3a000 	C:\Windows\system32\WS2_32.dll
0x00007ffc6a040000 - 0x00007ffc6a06a000 	C:\Windows\SYSTEM32\WINMMBASE.dll
0x00007ffc6d060000 - 0x00007ffc6d069000 	C:\Windows\system32\NSI.dll
0x00007ffc6c6f0000 - 0x00007ffc6c73f000 	C:\Windows\SYSTEM32\cfgmgr32.dll
0x00007ffc6b410000 - 0x00007ffc6b438000 	C:\Windows\SYSTEM32\DEVOBJ.dll
0x0000000063770000 - 0x000000006377f000 	C:\Program Files\Java\jre8\bin\verify.dll
0x0000000062950000 - 0x0000000062978000 	C:\Program Files\Java\jre8\bin\java.dll
0x00000000623f0000 - 0x0000000062425000 	C:\Program Files\Java\jre8\bin\jdwp.dll
0x0000000063760000 - 0x0000000063768000 	C:\Program Files\Java\jre8\bin\npt.dll
0x0000000062930000 - 0x0000000062946000 	C:\Program Files\Java\jre8\bin\zip.dll
0x00000000623e0000 - 0x00000000623e9000 	C:\Program Files\Java\jre8\bin\dt_socket.dll
0x00007ffc61550000 - 0x00007ffc61565000 	C:\Windows\system32\napinsp.dll
0x00007ffc61570000 - 0x00007ffc6158a000 	C:\Windows\system32\pnrpnsp.dll
0x00007ffc676f0000 - 0x00007ffc6770b000 	C:\Windows\system32\NLAapi.dll
0x00007ffc6bf00000 - 0x00007ffc6bf59000 	C:\Windows\System32\mswsock.dll
0x00007ffc6bd00000 - 0x00007ffc6bda4000 	C:\Windows\SYSTEM32\DNSAPI.dll
0x00007ffc615e0000 - 0x00007ffc615ed000 	C:\Windows\System32\winrnr.dll
0x00007ffc615c0000 - 0x00007ffc615d4000 	C:\Windows\system32\wshbth.dll
0x00007ffc66800000 - 0x00007ffc6686b000 	C:\Windows\System32\fwpuclnt.dll
0x00007ffc63300000 - 0x00007ffc6330a000 	C:\Windows\System32\rasadhlp.dll
0x0000000062240000 - 0x00000000623d6000 	C:\Program Files\Java\jre8\bin\awt.dll
0x00007ffc6d910000 - 0x00007ffc6d9d1000 	C:\Windows\system32\OLEAUT32.dll
0x00007ffc6b2e0000 - 0x00007ffc6b409000 	C:\Windows\system32\uxtheme.dll
0x00007ffc6a960000 - 0x00007ffc6a981000 	C:\Windows\system32\dwmapi.dll
0x00007ffc6b460000 - 0x00007ffc6b46b000 	C:\Windows\SYSTEM32\kernel.appcore.dll
0x00007ffc6c560000 - 0x00007ffc6c56b000 	C:\Windows\SYSTEM32\CRYPTBASE.dll
0x00007ffc6c4f0000 - 0x00007ffc6c553000 	C:\Windows\SYSTEM32\bcryptPrimitives.dll
0x00007ffc68840000 - 0x00007ffc688e4000 	C:\Windows\WinSxS\amd64_microsoft.windows.common-controls_6595b64144ccf1df_5.82.9600.17810_none_34ae2abd958aedeb\comctl32.dll
0x00000000621f0000 - 0x0000000062237000 	C:\Program Files\Java\jre8\bin\fontmanager.dll
0x00007ffc62290000 - 0x00007ffc624b1000 	C:\Windows\system32\d3d9.dll
0x00007ffc6a1a0000 - 0x00007ffc6a1aa000 	C:\Windows\SYSTEM32\VERSION.dll
0x00007ffc4fb10000 - 0x00007ffc50bf7000 	C:\Windows\SYSTEM32\nvd3dumx.dll
0x0000000180000000 - 0x0000000180129000 	C:\Windows\system32\nvspcap64.dll
0x00007ffc6c740000 - 0x00007ffc6c91f000 	C:\Windows\system32\CRYPT32.dll
0x00007ffc6c6d0000 - 0x00007ffc6c6e1000 	C:\Windows\system32\MSASN1.dll
0x00007ffc683f0000 - 0x00007ffc68709000 	C:\Windows\SYSTEM32\nvapi64.dll
0x00007ffc6f170000 - 0x00007ffc6f34a000 	C:\Windows\system32\SETUPAPI.dll
0x00007ffc6bc70000 - 0x00007ffc6bcb6000 	C:\Windows\system32\powrprof.dll
0x00007ffc680b0000 - 0x00007ffc68218000 	C:\Program Files (x86)\NVIDIA Corporation\3D Vision\nvSCPAPI64.dll
0x00007ffc6c920000 - 0x00007ffc6c971000 	C:\Windows\system32\WINTRUST.dll
0x00007ffc6a4d0000 - 0x00007ffc6a557000 	C:\Windows\system32\dxgi.dll
0x0000000062910000 - 0x000000006292a000 	C:\Program Files\Java\jre8\bin\net.dll
0x00000000628f0000 - 0x0000000062901000 	C:\Program Files\Java\jre8\bin\nio.dll
0x00000000621a0000 - 0x00000000621e1000 	C:\Program Files\Java\jre8\bin\t2k.dll
0x00007ffc6d6a0000 - 0x00007ffc6d756000 	C:\Windows\SYSTEM32\clbcatq.dll
0x00007ffc66be0000 - 0x00007ffc66d5f000 	C:\Windows\SYSTEM32\PROPSYS.dll
0x00007ffc58750000 - 0x00007ffc588ed000 	C:\Windows\system32\NetworkExplorer.dll
0x00007ffc67a10000 - 0x00007ffc67a1b000 	C:\Windows\System32\drprov.dll
0x00007ffc6b880000 - 0x00007ffc6b8da000 	C:\Windows\System32\WINSTA.dll
0x00007ffc60cc0000 - 0x00007ffc60cd7000 	C:\Windows\System32\ntlanman.dll
0x00007ffc60ca0000 - 0x00007ffc60cbf000 	C:\Windows\System32\davclnt.dll
0x00007ffc60c90000 - 0x00007ffc60c9c000 	C:\Windows\System32\DAVHLPR.dll
0x00007ffc674d0000 - 0x00007ffc674e7000 	C:\Windows\System32\wkscli.dll
0x00007ffc61170000 - 0x00007ffc61182000 	C:\Windows\SYSTEM32\cscapi.dll
0x00007ffc6b8e0000 - 0x00007ffc6b8ec000 	C:\Windows\System32\netutils.dll
0x00007ffc5e430000 - 0x00007ffc5e4ab000 	C:\Windows\System32\dlnashext.dll
0x00007ffc60e20000 - 0x00007ffc60e6e000 	C:\Windows\System32\PlayToDevice.dll
0x00007ffc6bf60000 - 0x00007ffc6bf80000 	C:\Windows\SYSTEM32\CRYPTSP.dll
0x00007ffc6bb30000 - 0x00007ffc6bb66000 	C:\Windows\system32\rsaenh.dll
0x00007ffc6c1b0000 - 0x00007ffc6c1d6000 	C:\Windows\SYSTEM32\bcrypt.dll
0x00007ffc60dc0000 - 0x00007ffc60dde000 	C:\Windows\System32\DevDispItemProvider.dll
0x00007ffc550e0000 - 0x00007ffc552dd000 	C:\Windows\system32\wpdshext.dll
0x00007ffc688f0000 - 0x00007ffc68aa0000 	C:\Windows\WinSxS\amd64_microsoft.windows.gdiplus_6595b64144ccf1df_1.1.9600.17415_none_932b3b5547500489\gdiplus.dll
0x00007ffc5b870000 - 0x00007ffc5b924000 	C:\Windows\System32\PortableDeviceApi.dll
0x00007ffc58010000 - 0x00007ffc5804a000 	C:\Windows\System32\PortableDeviceTypes.dll
0x00007ffc5d0b0000 - 0x00007ffc5d0e7000 	C:\Windows\System32\EhStorShell.dll
0x00007ffc60a20000 - 0x00007ffc60a46000 	C:\Windows\System32\EhStorAPI.dll
0x00007ffc6b230000 - 0x00007ffc6b242000 	C:\Windows\System32\WTSAPI32.dll
0x00007ffc6a7b0000 - 0x00007ffc6a95e000 	C:\Windows\SYSTEM32\WindowsCodecs.dll
0x00007ffc55ff0000 - 0x00007ffc56179000 	C:\Windows\SYSTEM32\dbghelp.dll

VM Arguments:
jvm_args: -agentlib:jdwp=transport=dt_socket,suspend=y,address=localhost:53973 -Dfile.encoding=Cp1252 
java_command: behaviour.Extract_trajectory
java_class_path (initial): C:\Users\t-work\Dropbox\code\Tools\extraction\bin;C:\Users\t-work\Dropbox\code\Tools\extraction\lib\commons-math3-3.4.1.jar;C:\Users\t-work\Dropbox\code\Tools\extraction\lib\geotools-14.0-bin\geotools-14.0\jts-1.13.jar;C:\Users\t-work\Dropbox\code\Tools\extraction\lib\geotools-14.0-bin\geotools-14.0\core-0.26.jar;C:\Users\t-work\Dropbox\code\Tools\extraction\lib\geotools-14.0-bin\geotools-14.0\commons-pool-1.5.4.jar;C:\Users\t-work\Dropbox\code\Tools\extraction\lib\geotools-14.0-bin\geotools-14.0\jsr-275-1.0-beta-2.jar;C:\Users\t-work\Dropbox\code\Tools\extraction\lib\geotools-14.0-bin\geotools-14.0\jai_core-1.1.3.jar;C:\Users\t-work\Dropbox\code\Tools\extraction\lib\geotools-14.0-bin\geotools-14.0\gt-opengis-14.0.jar;C:\Users\t-work\Dropbox\code\Tools\extraction\lib\geotools-14.0-bin\geotools-14.0\gt-metadata-14.0.jar;C:\Users\t-work\Dropbox\code\Tools\extraction\lib\geotools-14.0-bin\geotools-14.0\jgridshift-1.0.jar;C:\Users\t-work\Dropbox\code\Tools\extraction\lib\geotools-14.0-bin\geotools-14.0\GeographicLib-Java-1.44.jar;C:\Users\t-work\Dropbox\code\Tools\extraction\lib\geotools-14.0-bin\geotools-14.0\gt-referencing-14.0.jar;C:\Users\t-work\Dropbox\code\Tools\extraction\lib\geotools-14.0-bin\geotools-14.0\gt-api-14.0.jar;C:\Users\t-work\Dropbox\code\Tools\extraction\lib\geotools-14.0-bin\geotools-14.0\jdom-1.1.3.jar;C:\Users\t-work\Dropbox\code\Tools\extraction\lib\geotools-14.0-bin\geotools-14.0\gt-main-14.0.jar;C:\Users\t-work\Dropbox\code\Tools\extraction\lib\geotools-14.0-bin\geotools-14.0\gt-data-14.0.jar;C:\Users\t-work\Dropbox\code\Tools\extraction\lib\geotools-14.0-bin\geotools-14.0\gt-shapefile-14.0.jar
Launcher Type: SUN_STANDARD

Environment Variables:
PATH=C:\Program Files (x86)\NVIDIA Corporation\PhysX\Common;C:\Windows\system32;C:\Windows;C:\Windows\System32\Wbem;C:\Windows\System32\WindowsPowerShell\v1.0\;C:\Program Files (x86)\PharosSystems\Core;C:\Program Files\MATLAB\MATLAB Compiler Runtime\v83\runtime\win64;C:\Program Files (x86)\Skype\Phone\;C:\Users\t-work\Documents\bin
USERNAME=t-work
OS=Windows_NT
PROCESSOR_IDENTIFIER=Intel64 Family 6 Model 70 Stepping 1, GenuineIntel



---------------  S Y S T E M  ---------------

OS: Windows 8.1 , 64 bit Build 9600 

CPU:total 8 (4 cores per cpu, 2 threads per core) family 6 model 70 stepping 1, cmov, cx8, fxsr, mmx, sse, sse2, sse3, ssse3, sse4.1, sse4.2, popcnt, avx, avx2, aes, clmul, erms, ht, tsc, tscinvbit

Memory: 4k page, physical 16683264k(11214120k free), swap 19173632k(11935800k free)

vm_info: Java HotSpot(TM) 64-Bit Server VM (25.5-b02) for windows-amd64 JRE (1.8.0_05-b13), built on Mar 18 2014 01:08:39 by "java_re" with MS VC++ 10.0 (VS2010)

time: Mon Oct 19 14:03:40 2015
elapsed time: 45 seconds

